{"/Users/alba/Desktop/Master/modulo5-automatización-y-testing/temario-clases/3.backend/API/controller/notes.controller.js": {"path":"/Users/alba/Desktop/Master/modulo5-automatización-y-testing/temario-clases/3.backend/API/controller/notes.controller.js","statementMap":{"0":{"start":{"line":5,"column":4},"end":{"line":5,"column":36}},"1":{"start":{"line":6,"column":4},"end":{"line":6,"column":51}},"2":{"start":{"line":10,"column":4},"end":{"line":15,"column":5}},"3":{"start":{"line":11,"column":21},"end":{"line":11,"column":45}},"4":{"start":{"line":12,"column":6},"end":{"line":12,"column":23}},"5":{"start":{"line":14,"column":6},"end":{"line":14,"column":18}},"6":{"start":{"line":19,"column":4},"end":{"line":24,"column":5}},"7":{"start":{"line":20,"column":21},"end":{"line":20,"column":59}},"8":{"start":{"line":21,"column":6},"end":{"line":21,"column":23}},"9":{"start":{"line":23,"column":6},"end":{"line":23,"column":18}},"10":{"start":{"line":28,"column":4},"end":{"line":33,"column":5}},"11":{"start":{"line":29,"column":21},"end":{"line":29,"column":53}},"12":{"start":{"line":30,"column":6},"end":{"line":30,"column":23}},"13":{"start":{"line":32,"column":6},"end":{"line":32,"column":18}},"14":{"start":{"line":37,"column":4},"end":{"line":42,"column":5}},"15":{"start":{"line":38,"column":21},"end":{"line":38,"column":68}},"16":{"start":{"line":39,"column":6},"end":{"line":39,"column":23}},"17":{"start":{"line":41,"column":6},"end":{"line":41,"column":18}},"18":{"start":{"line":46,"column":4},"end":{"line":51,"column":5}},"19":{"start":{"line":47,"column":21},"end":{"line":47,"column":58}},"20":{"start":{"line":48,"column":6},"end":{"line":48,"column":23}},"21":{"start":{"line":50,"column":6},"end":{"line":50,"column":18}}},"fnMap":{"0":{"name":"(anonymous_0)","decl":{"start":{"line":4,"column":2},"end":{"line":4,"column":3}},"loc":{"start":{"line":4,"column":16},"end":{"line":7,"column":3}},"line":4},"1":{"name":"(anonymous_1)","decl":{"start":{"line":9,"column":2},"end":{"line":9,"column":3}},"loc":{"start":{"line":9,"column":32},"end":{"line":16,"column":3}},"line":9},"2":{"name":"(anonymous_2)","decl":{"start":{"line":18,"column":2},"end":{"line":18,"column":3}},"loc":{"start":{"line":18,"column":32},"end":{"line":25,"column":3}},"line":18},"3":{"name":"(anonymous_3)","decl":{"start":{"line":27,"column":2},"end":{"line":27,"column":3}},"loc":{"start":{"line":27,"column":31},"end":{"line":34,"column":3}},"line":27},"4":{"name":"(anonymous_4)","decl":{"start":{"line":36,"column":2},"end":{"line":36,"column":3}},"loc":{"start":{"line":36,"column":31},"end":{"line":43,"column":3}},"line":36},"5":{"name":"(anonymous_5)","decl":{"start":{"line":45,"column":2},"end":{"line":45,"column":3}},"loc":{"start":{"line":45,"column":31},"end":{"line":52,"column":3}},"line":45}},"branchMap":{},"s":{"0":10,"1":10,"2":2,"3":2,"4":1,"5":1,"6":2,"7":2,"8":1,"9":1,"10":2,"11":2,"12":1,"13":1,"14":2,"15":2,"16":1,"17":1,"18":2,"19":2,"20":1,"21":1},"f":{"0":10,"1":2,"2":2,"3":2,"4":2,"5":2},"b":{},"_coverageSchema":"1a1c01bbd47fc00a2c39e90264f33305004495a9","hash":"b191f3f3c4a8b3fb93a7c855b4f8071bdf5ffe6e"}
,"/Users/alba/Desktop/Master/modulo5-automatización-y-testing/temario-clases/3.backend/API/repo/notes.mongo.model.js": {"path":"/Users/alba/Desktop/Master/modulo5-automatización-y-testing/temario-clases/3.backend/API/repo/notes.mongo.model.js","statementMap":{"0":{"start":{"line":3,"column":19},"end":{"line":6,"column":2}},"1":{"start":{"line":7,"column":25},"end":{"line":7,"column":59}}},"fnMap":{},"branchMap":{},"s":{"0":1,"1":1},"f":{},"b":{},"_coverageSchema":"1a1c01bbd47fc00a2c39e90264f33305004495a9","hash":"b3d989bc32e58aee74fcce8f42684f6b07741f26"}
,"/Users/alba/Desktop/Master/modulo5-automatización-y-testing/temario-clases/3.backend/API/repo/notes.mongo.repo.js": {"path":"/Users/alba/Desktop/Master/modulo5-automatización-y-testing/temario-clases/3.backend/API/repo/notes.mongo.repo.js","statementMap":{"0":{"start":{"line":6,"column":19},"end":{"line":6,"column":48}},"1":{"start":{"line":7,"column":4},"end":{"line":7,"column":18}},"2":{"start":{"line":10,"column":19},"end":{"line":10,"column":54}},"3":{"start":{"line":11,"column":4},"end":{"line":11,"column":18}},"4":{"start":{"line":15,"column":19},"end":{"line":15,"column":47}},"5":{"start":{"line":16,"column":4},"end":{"line":16,"column":18}},"6":{"start":{"line":20,"column":19},"end":{"line":20,"column":69}},"7":{"start":{"line":21,"column":4},"end":{"line":21,"column":18}},"8":{"start":{"line":25,"column":19},"end":{"line":25,"column":63}},"9":{"start":{"line":26,"column":4},"end":{"line":26,"column":18}}},"fnMap":{"0":{"name":"(anonymous_0)","decl":{"start":{"line":5,"column":2},"end":{"line":5,"column":3}},"loc":{"start":{"line":5,"column":17},"end":{"line":8,"column":3}},"line":5},"1":{"name":"(anonymous_1)","decl":{"start":{"line":9,"column":2},"end":{"line":9,"column":3}},"loc":{"start":{"line":9,"column":20},"end":{"line":12,"column":3}},"line":9},"2":{"name":"(anonymous_2)","decl":{"start":{"line":14,"column":2},"end":{"line":14,"column":3}},"loc":{"start":{"line":14,"column":21},"end":{"line":17,"column":3}},"line":14},"3":{"name":"(anonymous_3)","decl":{"start":{"line":19,"column":2},"end":{"line":19,"column":3}},"loc":{"start":{"line":19,"column":25},"end":{"line":22,"column":3}},"line":19},"4":{"name":"(anonymous_4)","decl":{"start":{"line":24,"column":2},"end":{"line":24,"column":3}},"loc":{"start":{"line":24,"column":19},"end":{"line":27,"column":3}},"line":24}},"branchMap":{},"s":{"0":0,"1":0,"2":0,"3":0,"4":0,"5":0,"6":0,"7":0,"8":0,"9":0},"f":{"0":0,"1":0,"2":0,"3":0,"4":0},"b":{},"_coverageSchema":"1a1c01bbd47fc00a2c39e90264f33305004495a9","hash":"a85c123250ef720843e1c0408f8a1ee7a65c39a9"}
}
