<?xml version="1.0" encoding="UTF-8"?>
<coverage generated="1726689325697" clover="3.2.0">
  <project timestamp="1726689325697" name="All files">
    <metrics statements="12" coveredstatements="12" conditionals="2" coveredconditionals="2" methods="7" coveredmethods="7" elements="21" coveredelements="21" complexity="0" loc="12" ncloc="12" packages="4" files="4" classes="4"/>
    <package name="async">
      <metrics statements="6" coveredstatements="6" conditionals="2" coveredconditionals="2" methods="2" coveredmethods="2"/>
      <file name="async.jsx" path="/Users/alba/Desktop/Master/modulo5-automatización-y-testing/temario-clases-y-ejercicios/4.react/react/src/components/async/async.jsx">
        <metrics statements="6" coveredstatements="6" conditionals="2" coveredconditionals="2" methods="2" coveredmethods="2"/>
        <line num="4" count="2" type="stmt"/>
        <line num="6" count="2" type="stmt"/>
        <line num="7" count="1" type="stmt"/>
        <line num="10" count="1" type="stmt"/>
        <line num="11" count="1" type="stmt"/>
        <line num="14" count="2" type="stmt"/>
      </file>
    </package>
    <package name="counter">
      <metrics statements="3" coveredstatements="3" conditionals="0" coveredconditionals="0" methods="3" coveredmethods="3"/>
      <file name="counter.jsx" path="/Users/alba/Desktop/Master/modulo5-automatización-y-testing/temario-clases-y-ejercicios/4.react/react/src/components/counter/counter.jsx">
        <metrics statements="3" coveredstatements="3" conditionals="0" coveredconditionals="0" methods="3" coveredmethods="3"/>
        <line num="4" count="3" type="stmt"/>
        <line num="5" count="3" type="stmt"/>
        <line num="7" count="1" type="stmt"/>
      </file>
    </package>
    <package name="props">
      <metrics statements="1" coveredstatements="1" conditionals="0" coveredconditionals="0" methods="1" coveredmethods="1"/>
      <file name="props.jsx" path="/Users/alba/Desktop/Master/modulo5-automatización-y-testing/temario-clases-y-ejercicios/4.react/react/src/components/props/props.jsx">
        <metrics statements="1" coveredstatements="1" conditionals="0" coveredconditionals="0" methods="1" coveredmethods="1"/>
        <line num="2" count="1" type="stmt"/>
      </file>
    </package>
    <package name="sample">
      <metrics statements="2" coveredstatements="2" conditionals="0" coveredconditionals="0" methods="1" coveredmethods="1"/>
      <file name="sample.jsx" path="/Users/alba/Desktop/Master/modulo5-automatización-y-testing/temario-clases-y-ejercicios/4.react/react/src/components/sample/sample.jsx">
        <metrics statements="2" coveredstatements="2" conditionals="0" coveredconditionals="0" methods="1" coveredmethods="1"/>
        <line num="2" count="1" type="stmt"/>
        <line num="3" count="1" type="stmt"/>
      </file>
    </package>
  </project>
</coverage>
