{"/Users/alba/Desktop/Master/modulo5-automatización-y-testing/temario-clases-y-ejercicios/4.react/react/src/components/async/async.jsx": {"path":"/Users/alba/Desktop/Master/modulo5-automatización-y-testing/temario-clases-y-ejercicios/4.react/react/src/components/async/async.jsx","statementMap":{"0":{"start":{"line":4,"column":26},"end":{"line":4,"column":40}},"1":{"start":{"line":6,"column":20},"end":{"line":12,"column":3}},"2":{"start":{"line":7,"column":21},"end":{"line":9,"column":5}},"3":{"start":{"line":10,"column":17},"end":{"line":10,"column":38}},"4":{"start":{"line":11,"column":4},"end":{"line":11,"column":18}},"5":{"start":{"line":14,"column":2},"end":{"line":19,"column":4}}},"fnMap":{"0":{"name":"Async","decl":{"start":{"line":3,"column":16},"end":{"line":3,"column":21}},"loc":{"start":{"line":3,"column":24},"end":{"line":20,"column":1}},"line":3},"1":{"name":"(anonymous_1)","decl":{"start":{"line":6,"column":20},"end":{"line":6,"column":21}},"loc":{"start":{"line":6,"column":32},"end":{"line":12,"column":3}},"line":6}},"branchMap":{"0":{"loc":{"start":{"line":17,"column":7},"end":{"line":17,"column":34}},"type":"binary-expr","locations":[{"start":{"line":17,"column":7},"end":{"line":17,"column":11}},{"start":{"line":17,"column":15},"end":{"line":17,"column":34}}],"line":17}},"s":{"0":2,"1":2,"2":1,"3":1,"4":1,"5":2},"f":{"0":2,"1":1},"b":{"0":[2,1]},"_coverageSchema":"1a1c01bbd47fc00a2c39e90264f33305004495a9","hash":"a9ae9c12266451a71e740eb8d096e66641f2988d"}
,"/Users/alba/Desktop/Master/modulo5-automatización-y-testing/temario-clases-y-ejercicios/4.react/react/src/components/counter/counter.jsx": {"path":"/Users/alba/Desktop/Master/modulo5-automatización-y-testing/temario-clases-y-ejercicios/4.react/react/src/components/counter/counter.jsx","statementMap":{"0":{"start":{"line":4,"column":28},"end":{"line":4,"column":39}},"1":{"start":{"line":5,"column":2},"end":{"line":11,"column":4}},"2":{"start":{"line":7,"column":29},"end":{"line":7,"column":59}},"3":{"start":{"line":7,"column":49},"end":{"line":7,"column":58}}},"fnMap":{"0":{"name":"Counter","decl":{"start":{"line":3,"column":16},"end":{"line":3,"column":23}},"loc":{"start":{"line":3,"column":26},"end":{"line":12,"column":1}},"line":3},"1":{"name":"(anonymous_1)","decl":{"start":{"line":7,"column":23},"end":{"line":7,"column":24}},"loc":{"start":{"line":7,"column":29},"end":{"line":7,"column":59}},"line":7},"2":{"name":"(anonymous_2)","decl":{"start":{"line":7,"column":38},"end":{"line":7,"column":39}},"loc":{"start":{"line":7,"column":49},"end":{"line":7,"column":58}},"line":7}},"branchMap":{},"s":{"0":3,"1":3,"2":1,"3":1},"f":{"0":3,"1":1,"2":1},"b":{},"_coverageSchema":"1a1c01bbd47fc00a2c39e90264f33305004495a9","hash":"31ee710fac585e7e27e7bb6c791b71c313916c73"}
,"/Users/alba/Desktop/Master/modulo5-automatización-y-testing/temario-clases-y-ejercicios/4.react/react/src/components/props/props.jsx": {"path":"/Users/alba/Desktop/Master/modulo5-automatización-y-testing/temario-clases-y-ejercicios/4.react/react/src/components/props/props.jsx","statementMap":{"0":{"start":{"line":2,"column":2},"end":{"line":2,"column":23}}},"fnMap":{"0":{"name":"Props","decl":{"start":{"line":1,"column":24},"end":{"line":1,"column":29}},"loc":{"start":{"line":1,"column":40},"end":{"line":3,"column":1}},"line":1}},"branchMap":{},"s":{"0":1},"f":{"0":1},"b":{},"_coverageSchema":"1a1c01bbd47fc00a2c39e90264f33305004495a9","hash":"2a37b91baab8647f5de34b7da09675a5c986fc08"}
,"/Users/alba/Desktop/Master/modulo5-automatización-y-testing/temario-clases-y-ejercicios/4.react/react/src/components/sample/sample.jsx": {"path":"/Users/alba/Desktop/Master/modulo5-automatización-y-testing/temario-clases-y-ejercicios/4.react/react/src/components/sample/sample.jsx","statementMap":{"0":{"start":{"line":2,"column":16},"end":{"line":2,"column":42}},"1":{"start":{"line":3,"column":2},"end":{"line":7,"column":4}}},"fnMap":{"0":{"name":"Sample","decl":{"start":{"line":1,"column":16},"end":{"line":1,"column":22}},"loc":{"start":{"line":1,"column":25},"end":{"line":8,"column":1}},"line":1}},"branchMap":{},"s":{"0":1,"1":1},"f":{"0":1},"b":{},"_coverageSchema":"1a1c01bbd47fc00a2c39e90264f33305004495a9","hash":"57cbd5b094fba65a123365253e5b224234637b88"}
}
