TN:
SF:src/components/async/async.jsx
FN:3,Async
FN:6,(anonymous_1)
FNF:2
FNH:2
FNDA:2,Async
FNDA:1,(anonymous_1)
DA:4,2
DA:6,2
DA:7,1
DA:10,1
DA:11,1
DA:14,2
LF:6
LH:6
BRDA:17,0,0,2
BRDA:17,0,1,1
BRF:2
BRH:2
end_of_record
TN:
SF:src/components/counter/counter.jsx
FN:3,Counter
FN:7,(anonymous_1)
FN:7,(anonymous_2)
FNF:3
FNH:3
FNDA:3,Counter
FNDA:1,(anonymous_1)
FNDA:1,(anonymous_2)
DA:4,3
DA:5,3
DA:7,1
LF:3
LH:3
BRF:0
BRH:0
end_of_record
TN:
SF:src/components/props/props.jsx
FN:1,Props
FNF:1
FNH:1
FNDA:1,Props
DA:2,1
LF:1
LH:1
BRF:0
BRH:0
end_of_record
TN:
SF:src/components/sample/sample.jsx
FN:1,Sample
FNF:1
FNH:1
FNDA:1,Sample
DA:2,1
DA:3,1
LF:2
LH:2
BRF:0
BRH:0
end_of_record
